#-----------------------------------------------------------
# Vivado v2018.2 (64-bit)
# SW Build 2258646 on Thu Jun 14 20:03:12 MDT 2018
# IP Build 2256618 on Thu Jun 14 22:10:49 MDT 2018
# Start of session at: Wed Aug  9 14:45:40 2023
# Process ID: 16200
# Current directory: E:/Nano processor
# Command line: vivado.exe -gui_launcher_event rodinguilauncherevent9912 E:\Nano processor\Lab_10.xpr
# Log file: E:/Nano processor/vivado.log
# Journal file: E:/Nano processor\vivado.jou
#-----------------------------------------------------------
start_gui
open_project {E:/Nano processor/Lab_10.xpr}
INFO: [Project 1-313] Project file moved from 'C:/Users/ASUS/Lab_10' since last save.
Scanning sources...
Finished scanning sources
INFO: [IP_Flow 19-234] Refreshing IP repositories
INFO: [IP_Flow 19-1704] No user IP repositories specified
INFO: [IP_Flow 19-2313] Loaded Vivado IP repository 'C:/Xilinx/Vivado/2018.2/data/ip'.
open_project: Time (s): cpu = 00:00:04 ; elapsed = 00:00:08 . Memory (MB): peak = 852.707 ; gain = 172.996
update_compile_order -fileset sources_1
exit
INFO: [Common 17-206] Exiting Vivado at Wed Aug  9 14:46:23 2023...
